{"name": "test_login", "status": "failed", "statusDetails": {"message": "AssertionError: assert None\n +  where None = <function search at 0x000002AA8FE35440>('20\\\\s*₽', '0 ₽')\n +    where <function search at 0x000002AA8FE35440> = re.search\n +    and   '0 ₽' = <selenium.webdriver.remote.webelement.WebElement (session=\"f2a827bd7d505ca160a8275d246f84d3\", element=\"f.EB46BD17399D5FB1DA7ACC4D5FEB426E.d.03444FECFF5D0D1FDE72EEA0472CDB3F.e.247\")>.text", "trace": "browser = <selenium.webdriver.chrome.webdriver.WebDriver (session=\"f2a827bd7d505ca160a8275d246f84d3\")>\n\n    def test_login(browser):\n        login_page = LoginActions(browser)\n        login_page.go_to_site()\n        login_page.login_with_valid_credentials('anna1038@yandex.ru', 'Unijuice04')\n        login_page.click_login_button()\n    \n        wallet_page = WalletActions(browser)\n        wallet_page.navigate()\n        wallet_page.click_button(ll.create_account_button)\n        wallet_page.fill_input(ll.account_name_input, 'Анна')\n        wallet_page.fill_input(ll.currency_input, 'Российский рубль')\n        wallet_page.set_image(ll.image_button, ll.paw_button)\n        wallet_page.set_image(ll.color_button, ll.grey_button)\n        wallet_page.click_button(ll.create_button)\n        wallet_page.click_button(ll.add_operation_button)\n        wallet_page.click_button(ll.income_tab)\n        wallet_page.fill_input(ll.income_input, fibonacciDay)\n        wallet_page.fill_input(ll.type_income_input, 'Зарплата')\n        wallet_page.fill_input(ll.transaction_account_name_income_input, 'Anna')\n        wallet_page.click_button(ll.create_transaction_button)\n    \n        wallet_page.click_button(ll.outcome_tab)\n        wallet_page.fill_input(ll.outcome_input, fibonacciDay)\n        wallet_page.fill_input(ll.type_outcome_input, 'Кофе')\n        wallet_page.fill_input(ll.transaction_account_name_outcome_input, 'Anna')\n        wallet_page.click_button(ll.create_transaction_button)\n    \n        resultbalance = wallet_page.balance(ll.balance)\n>       assert re.search(r'20\\s*₽', resultbalance.text)\nE       assert None\nE        +  where None = <function search at 0x000002AA8FE35440>('20\\\\s*₽', '0 ₽')\nE        +    where <function search at 0x000002AA8FE35440> = re.search\nE        +    and   '0 ₽' = <selenium.webdriver.remote.webelement.WebElement (session=\"f2a827bd7d505ca160a8275d246f84d3\", element=\"f.EB46BD17399D5FB1DA7ACC4D5FEB426E.d.03444FECFF5D0D1FDE72EEA0472CDB3F.e.247\")>.text\n\ntest_add.py:41: AssertionError"}, "attachments": [{"name": "stdout", "source": "d4b3c166-323c-4eb9-8558-8be65dc0d2eb-attachment.txt", "type": "text/plain"}], "start": 1715843564189, "stop": 1715843572390, "uuid": "c239a437-4c80-46a1-a32e-a34d6d919f45", "historyId": "3025d4ac5b992dfb736a2e5b39df31da", "testCaseId": "3025d4ac5b992dfb736a2e5b39df31da", "fullName": "test_add#test_login", "labels": [{"name": "suite", "value": "test_add"}, {"name": "host", "value": "LAPTOP-63033Q89"}, {"name": "thread", "value": "29184-MainThread"}, {"name": "framework", "value": "pytest"}, {"name": "language", "value": "cpython3"}, {"name": "package", "value": "test_add"}]}