{"name": "test_add_wallet", "status": "broken", "statusDetails": {"message": "selenium.common.exceptions.NoSuchElementException: Message: no such element: Unable to locate element: {\"method\":\"xpath\",\"selector\":\"//button[span[text()=\"Принимаю\"]]\"}\n  (Session info: chrome=124.0.6367.202); For documentation on this error, please visit: https://www.selenium.dev/documentation/webdriver/troubleshooting/errors#no-such-element-exception\nStacktrace:\n\tGetHandleVerifier [0x00007FF60BA61522+60802]\n\t(No symbol) [0x00007FF60B9DAC22]\n\t(No symbol) [0x00007FF60B897CE4]\n\t(No symbol) [0x00007FF60B8E6D4D]\n\t(No symbol) [0x00007FF60B8E6E1C]\n\t(No symbol) [0x00007FF60B92CE37]\n\t(No symbol) [0x00007FF60B90ABBF]\n\t(No symbol) [0x00007FF60B92A224]\n\t(No symbol) [0x00007FF60B90A923]\n\t(No symbol) [0x00007FF60B8D8FEC]\n\t(No symbol) [0x00007FF60B8D9C21]\n\tGetHandleVerifier [0x00007FF60BD641BD+3217949]\n\tGetHandleVerifier [0x00007FF60BDA6157+3488183]\n\tGetHandleVerifier [0x00007FF60BD9F0DF+3459391]\n\tGetHandleVerifier [0x00007FF60BB1B8E6+823622]\n\t(No symbol) [0x00007FF60B9E5FBF]\n\t(No symbol) [0x00007FF60B9E0EE4]\n\t(No symbol) [0x00007FF60B9E1072]\n\t(No symbol) [0x00007FF60B9D18C4]\n\tBaseThreadInitThunk [0x00007FFB9A29257D+29]\n\tRtlUserThreadStart [0x00007FFB9C08AA48+40]", "trace": "def test_add_wallet():\n    \n        link = \"https://profinansy.ru/login/\"\n        accountName = 'Anna'\n    \n        # Опции для отключения запросов на уведомления\n        chrome_options = webdriver.ChromeOptions()\n        prefs = {\"profile.default_content_setting_values.notifications\": 2}\n        chrome_options.add_experimental_option(\"prefs\", prefs)\n    \n    \n        driver = webdriver.Chrome(options=chrome_options)\n        driver.get(link)\n        #принять все куки\n        cookies = driver.get_cookies()\n        for cookie in cookies:\n            driver.add_cookie(cookie)\n    \n>       cookieAgrie = driver.find_element(By.XPATH, f'//button[span[text()=\"{'Принимаю'}\"]]')\n\ntest_add.py:28: \n_ _ _ _ _ _ _ _ _ _ _ _ _ _ _ _ _ _ _ _ _ _ _ _ _ _ _ _ _ _ _ _ _ _ _ _ _ _ _ _ _ _ _ _ _ _ _ _ _ _ _ _ _ _ _ _ _ _ _ _ _ _ _ _ _ _ _ _ _ _ _ _ _ _ _ _ _ _ _ _ _ _ _ _ _ _ _ _ _ _ _ _ _ \nC:\\Users\\Anna\\AppData\\Local\\Programs\\Python\\Python312\\Lib\\site-packages\\selenium\\webdriver\\remote\\webdriver.py:741: in find_element\n    return self.execute(Command.FIND_ELEMENT, {\"using\": by, \"value\": value})[\"value\"]\nC:\\Users\\Anna\\AppData\\Local\\Programs\\Python\\Python312\\Lib\\site-packages\\selenium\\webdriver\\remote\\webdriver.py:347: in execute\n    self.error_handler.check_response(response)\n_ _ _ _ _ _ _ _ _ _ _ _ _ _ _ _ _ _ _ _ _ _ _ _ _ _ _ _ _ _ _ _ _ _ _ _ _ _ _ _ _ _ _ _ _ _ _ _ _ _ _ _ _ _ _ _ _ _ _ _ _ _ _ _ _ _ _ _ _ _ _ _ _ _ _ _ _ _ _ _ _ _ _ _ _ _ _ _ _ _ _ _ _ \n\nself = <selenium.webdriver.remote.errorhandler.ErrorHandler object at 0x000001B81AEF1160>\nresponse = {'status': 404, 'value': '{\"value\":{\"error\":\"no such element\",\"message\":\"no such element: Unable to locate element: {\\...07FF60B9D18C4]\\\\n\\\\tBaseThreadInitThunk [0x00007FFB9A29257D+29]\\\\n\\\\tRtlUserThreadStart [0x00007FFB9C08AA48+40]\\\\n\"}}'}\n\n    def check_response(self, response: Dict[str, Any]) -> None:\n        \"\"\"Checks that a JSON response from the WebDriver does not have an\n        error.\n    \n        :Args:\n         - response - The JSON response from the WebDriver server as a dictionary\n           object.\n    \n        :Raises: If the response contains an error message.\n        \"\"\"\n        status = response.get(\"status\", None)\n        if not status or status == ErrorCode.SUCCESS:\n            return\n        value = None\n        message = response.get(\"message\", \"\")\n        screen: str = response.get(\"screen\", \"\")\n        stacktrace = None\n        if isinstance(status, int):\n            value_json = response.get(\"value\", None)\n            if value_json and isinstance(value_json, str):\n                import json\n    \n                try:\n                    value = json.loads(value_json)\n                    if len(value) == 1:\n                        value = value[\"value\"]\n                    status = value.get(\"error\", None)\n                    if not status:\n                        status = value.get(\"status\", ErrorCode.UNKNOWN_ERROR)\n                        message = value.get(\"value\") or value.get(\"message\")\n                        if not isinstance(message, str):\n                            value = message\n                            message = message.get(\"message\")\n                    else:\n                        message = value.get(\"message\", None)\n                except ValueError:\n                    pass\n    \n        exception_class: Type[WebDriverException]\n        e = ErrorCode()\n        error_codes = [item for item in dir(e) if not item.startswith(\"__\")]\n        for error_code in error_codes:\n            error_info = getattr(ErrorCode, error_code)\n            if isinstance(error_info, list) and status in error_info:\n                exception_class = getattr(ExceptionMapping, error_code, WebDriverException)\n                break\n        else:\n            exception_class = WebDriverException\n    \n        if not value:\n            value = response[\"value\"]\n        if isinstance(value, str):\n            raise exception_class(value)\n        if message == \"\" and \"message\" in value:\n            message = value[\"message\"]\n    \n        screen = None  # type: ignore[assignment]\n        if \"screen\" in value:\n            screen = value[\"screen\"]\n    \n        stacktrace = None\n        st_value = value.get(\"stackTrace\") or value.get(\"stacktrace\")\n        if st_value:\n            if isinstance(st_value, str):\n                stacktrace = st_value.split(\"\\n\")\n            else:\n                stacktrace = []\n                try:\n                    for frame in st_value:\n                        line = frame.get(\"lineNumber\", \"\")\n                        file = frame.get(\"fileName\", \"<anonymous>\")\n                        if line:\n                            file = f\"{file}:{line}\"\n                        meth = frame.get(\"methodName\", \"<anonymous>\")\n                        if \"className\" in frame:\n                            meth = f\"{frame['className']}.{meth}\"\n                        msg = \"    at %s (%s)\"\n                        msg = msg % (meth, file)\n                        stacktrace.append(msg)\n                except TypeError:\n                    pass\n        if exception_class == UnexpectedAlertPresentException:\n            alert_text = None\n            if \"data\" in value:\n                alert_text = value[\"data\"].get(\"text\")\n            elif \"alert\" in value:\n                alert_text = value[\"alert\"].get(\"text\")\n            raise exception_class(message, screen, stacktrace, alert_text)  # type: ignore[call-arg]  # mypy is not smart enough here\n>       raise exception_class(message, screen, stacktrace)\nE       selenium.common.exceptions.NoSuchElementException: Message: no such element: Unable to locate element: {\"method\":\"xpath\",\"selector\":\"//button[span[text()=\"Принимаю\"]]\"}\nE         (Session info: chrome=124.0.6367.202); For documentation on this error, please visit: https://www.selenium.dev/documentation/webdriver/troubleshooting/errors#no-such-element-exception\nE       Stacktrace:\nE       \tGetHandleVerifier [0x00007FF60BA61522+60802]\nE       \t(No symbol) [0x00007FF60B9DAC22]\nE       \t(No symbol) [0x00007FF60B897CE4]\nE       \t(No symbol) [0x00007FF60B8E6D4D]\nE       \t(No symbol) [0x00007FF60B8E6E1C]\nE       \t(No symbol) [0x00007FF60B92CE37]\nE       \t(No symbol) [0x00007FF60B90ABBF]\nE       \t(No symbol) [0x00007FF60B92A224]\nE       \t(No symbol) [0x00007FF60B90A923]\nE       \t(No symbol) [0x00007FF60B8D8FEC]\nE       \t(No symbol) [0x00007FF60B8D9C21]\nE       \tGetHandleVerifier [0x00007FF60BD641BD+3217949]\nE       \tGetHandleVerifier [0x00007FF60BDA6157+3488183]\nE       \tGetHandleVerifier [0x00007FF60BD9F0DF+3459391]\nE       \tGetHandleVerifier [0x00007FF60BB1B8E6+823622]\nE       \t(No symbol) [0x00007FF60B9E5FBF]\nE       \t(No symbol) [0x00007FF60B9E0EE4]\nE       \t(No symbol) [0x00007FF60B9E1072]\nE       \t(No symbol) [0x00007FF60B9D18C4]\nE       \tBaseThreadInitThunk [0x00007FFB9A29257D+29]\nE       \tRtlUserThreadStart [0x00007FFB9C08AA48+40]\n\nC:\\Users\\Anna\\AppData\\Local\\Programs\\Python\\Python312\\Lib\\site-packages\\selenium\\webdriver\\remote\\errorhandler.py:229: NoSuchElementException"}, "start": 1715805637602, "stop": 1715805641544, "uuid": "c50230db-2166-4eda-99aa-df71df639500", "historyId": "feb31023abe147cce4f1554a6c4a0655", "testCaseId": "feb31023abe147cce4f1554a6c4a0655", "fullName": "test_add#test_add_wallet", "labels": [{"name": "suite", "value": "test_add"}, {"name": "host", "value": "LAPTOP-63033Q89"}, {"name": "thread", "value": "26116-MainThread"}, {"name": "framework", "value": "pytest"}, {"name": "language", "value": "cpython3"}, {"name": "package", "value": "test_add"}]}